WARNING - 2026-01-15 14:45:40 --> [DEPRECATED] Optional parameter $driver declared before required parameter $driver_code is implicitly treated as a required parameter in APPPATH\Helpers\fun_helper.php on line 354.
 1 SYSTEMPATH\Common.php(671): include_once('C:\\xampp\\htdocs\\eznew\\admin\\system\\Debug\\Exceptions.php')
 2 SYSTEMPATH\Autoloader\Autoloader.php(488): helper([...])
 3 SYSTEMPATH\Boot.php(287): CodeIgniter\Autoloader\Autoloader->loadHelpers()
 4 SYSTEMPATH\Boot.php(65): CodeIgniter\Boot::autoloadHelpers()
 5 FCPATH\index.php(61): CodeIgniter\Boot::bootWeb(Object(Config\Paths))
DEBUG - 2026-01-15 13:45:40 --> Session: Class initialized using 'CodeIgniter\Session\Handlers\FileHandler' driver.
WARNING - 2026-01-15 14:45:40 --> [DEPRECATED] Optional parameter $driver declared before required parameter $driver_code is implicitly treated as a required parameter in APPPATH\Helpers\fun_helper.php on line 354.
 1 SYSTEMPATH\Common.php(671): include_once('C:\\xampp\\htdocs\\eznew\\admin\\system\\Debug\\Exceptions.php')
 2 SYSTEMPATH\Autoloader\Autoloader.php(488): helper([...])
 3 SYSTEMPATH\Boot.php(287): CodeIgniter\Autoloader\Autoloader->loadHelpers()
 4 SYSTEMPATH\Boot.php(65): CodeIgniter\Boot::autoloadHelpers()
 5 FCPATH\index.php(61): CodeIgniter\Boot::bootWeb(Object(Config\Paths))
DEBUG - 2026-01-15 13:45:40 --> Session: Class initialized using 'CodeIgniter\Session\Handlers\FileHandler' driver.
WARNING - 2026-01-15 14:45:40 --> [DEPRECATED] Optional parameter $driver declared before required parameter $driver_code is implicitly treated as a required parameter in APPPATH\Helpers\fun_helper.php on line 354.
 1 SYSTEMPATH\Common.php(671): include_once('C:\\xampp\\htdocs\\eznew\\admin\\system\\Debug\\Exceptions.php')
 2 SYSTEMPATH\Autoloader\Autoloader.php(488): helper([...])
 3 SYSTEMPATH\Boot.php(287): CodeIgniter\Autoloader\Autoloader->loadHelpers()
 4 SYSTEMPATH\Boot.php(65): CodeIgniter\Boot::autoloadHelpers()
 5 FCPATH\index.php(61): CodeIgniter\Boot::bootWeb(Object(Config\Paths))
DEBUG - 2026-01-15 13:45:40 --> Session: Class initialized using 'CodeIgniter\Session\Handlers\FileHandler' driver.
WARNING - 2026-01-15 14:45:40 --> [DEPRECATED] Optional parameter $driver declared before required parameter $driver_code is implicitly treated as a required parameter in APPPATH\Helpers\fun_helper.php on line 354.
 1 SYSTEMPATH\Common.php(671): include_once('C:\\xampp\\htdocs\\eznew\\admin\\system\\Debug\\Exceptions.php')
 2 SYSTEMPATH\Autoloader\Autoloader.php(488): helper([...])
 3 SYSTEMPATH\Boot.php(287): CodeIgniter\Autoloader\Autoloader->loadHelpers()
 4 SYSTEMPATH\Boot.php(65): CodeIgniter\Boot::autoloadHelpers()
 5 FCPATH\index.php(61): CodeIgniter\Boot::bootWeb(Object(Config\Paths))
WARNING - 2026-01-15 14:45:40 --> [DEPRECATED] Optional parameter $driver declared before required parameter $driver_code is implicitly treated as a required parameter in APPPATH\Helpers\fun_helper.php on line 354.
 1 SYSTEMPATH\Common.php(671): include_once('C:\\xampp\\htdocs\\eznew\\admin\\system\\Debug\\Exceptions.php')
 2 SYSTEMPATH\Autoloader\Autoloader.php(488): helper([...])
 3 SYSTEMPATH\Boot.php(287): CodeIgniter\Autoloader\Autoloader->loadHelpers()
 4 SYSTEMPATH\Boot.php(65): CodeIgniter\Boot::autoloadHelpers()
 5 FCPATH\index.php(61): CodeIgniter\Boot::bootWeb(Object(Config\Paths))
WARNING - 2026-01-15 14:45:51 --> [DEPRECATED] Optional parameter $driver declared before required parameter $driver_code is implicitly treated as a required parameter in APPPATH\Helpers\fun_helper.php on line 354.
 1 SYSTEMPATH\Common.php(671): include_once('C:\\xampp\\htdocs\\eznew\\admin\\system\\Debug\\Exceptions.php')
 2 SYSTEMPATH\Autoloader\Autoloader.php(488): helper([...])
 3 SYSTEMPATH\Boot.php(287): CodeIgniter\Autoloader\Autoloader->loadHelpers()
 4 SYSTEMPATH\Boot.php(65): CodeIgniter\Boot::autoloadHelpers()
 5 FCPATH\index.php(61): CodeIgniter\Boot::bootWeb(Object(Config\Paths))
DEBUG - 2026-01-15 13:45:51 --> Session: Class initialized using 'CodeIgniter\Session\Handlers\FileHandler' driver.
WARNING - 2026-01-15 14:45:51 --> [DEPRECATED] Optional parameter $driver declared before required parameter $driver_code is implicitly treated as a required parameter in APPPATH\Helpers\fun_helper.php on line 354.
 1 SYSTEMPATH\Common.php(671): include_once('C:\\xampp\\htdocs\\eznew\\admin\\system\\Debug\\Exceptions.php')
 2 SYSTEMPATH\Autoloader\Autoloader.php(488): helper([...])
 3 SYSTEMPATH\Boot.php(287): CodeIgniter\Autoloader\Autoloader->loadHelpers()
 4 SYSTEMPATH\Boot.php(65): CodeIgniter\Boot::autoloadHelpers()
 5 FCPATH\index.php(61): CodeIgniter\Boot::bootWeb(Object(Config\Paths))
WARNING - 2026-01-15 14:45:51 --> [DEPRECATED] Optional parameter $driver declared before required parameter $driver_code is implicitly treated as a required parameter in APPPATH\Helpers\fun_helper.php on line 354.
 1 SYSTEMPATH\Common.php(671): include_once('C:\\xampp\\htdocs\\eznew\\admin\\system\\Debug\\Exceptions.php')
 2 SYSTEMPATH\Autoloader\Autoloader.php(488): helper([...])
 3 SYSTEMPATH\Boot.php(287): CodeIgniter\Autoloader\Autoloader->loadHelpers()
 4 SYSTEMPATH\Boot.php(65): CodeIgniter\Boot::autoloadHelpers()
 5 FCPATH\index.php(61): CodeIgniter\Boot::bootWeb(Object(Config\Paths))
WARNING - 2026-01-15 14:45:55 --> [DEPRECATED] Optional parameter $driver declared before required parameter $driver_code is implicitly treated as a required parameter in APPPATH\Helpers\fun_helper.php on line 354.
 1 SYSTEMPATH\Common.php(671): include_once('C:\\xampp\\htdocs\\eznew\\admin\\system\\Debug\\Exceptions.php')
 2 SYSTEMPATH\Autoloader\Autoloader.php(488): helper([...])
 3 SYSTEMPATH\Boot.php(287): CodeIgniter\Autoloader\Autoloader->loadHelpers()
 4 SYSTEMPATH\Boot.php(65): CodeIgniter\Boot::autoloadHelpers()
 5 FCPATH\index.php(61): CodeIgniter\Boot::bootWeb(Object(Config\Paths))
DEBUG - 2026-01-15 13:45:55 --> Session: Class initialized using 'CodeIgniter\Session\Handlers\FileHandler' driver.
WARNING - 2026-01-15 14:45:55 --> [DEPRECATED] Optional parameter $driver declared before required parameter $driver_code is implicitly treated as a required parameter in APPPATH\Helpers\fun_helper.php on line 354.
 1 SYSTEMPATH\Common.php(671): include_once('C:\\xampp\\htdocs\\eznew\\admin\\system\\Debug\\Exceptions.php')
 2 SYSTEMPATH\Autoloader\Autoloader.php(488): helper([...])
 3 SYSTEMPATH\Boot.php(287): CodeIgniter\Autoloader\Autoloader->loadHelpers()
 4 SYSTEMPATH\Boot.php(65): CodeIgniter\Boot::autoloadHelpers()
 5 FCPATH\index.php(61): CodeIgniter\Boot::bootWeb(Object(Config\Paths))
DEBUG - 2026-01-15 13:45:55 --> Session: Class initialized using 'CodeIgniter\Session\Handlers\FileHandler' driver.
WARNING - 2026-01-15 14:45:55 --> [DEPRECATED] Optional parameter $driver declared before required parameter $driver_code is implicitly treated as a required parameter in APPPATH\Helpers\fun_helper.php on line 354.
 1 SYSTEMPATH\Common.php(671): include_once('C:\\xampp\\htdocs\\eznew\\admin\\system\\Debug\\Exceptions.php')
 2 SYSTEMPATH\Autoloader\Autoloader.php(488): helper([...])
 3 SYSTEMPATH\Boot.php(287): CodeIgniter\Autoloader\Autoloader->loadHelpers()
 4 SYSTEMPATH\Boot.php(65): CodeIgniter\Boot::autoloadHelpers()
 5 FCPATH\index.php(61): CodeIgniter\Boot::bootWeb(Object(Config\Paths))
DEBUG - 2026-01-15 13:45:55 --> Session: Class initialized using 'CodeIgniter\Session\Handlers\FileHandler' driver.
WARNING - 2026-01-15 14:45:56 --> [DEPRECATED] Optional parameter $driver declared before required parameter $driver_code is implicitly treated as a required parameter in APPPATH\Helpers\fun_helper.php on line 354.
 1 SYSTEMPATH\Common.php(671): include_once('C:\\xampp\\htdocs\\eznew\\admin\\system\\Debug\\Exceptions.php')
 2 SYSTEMPATH\Autoloader\Autoloader.php(488): helper([...])
 3 SYSTEMPATH\Boot.php(287): CodeIgniter\Autoloader\Autoloader->loadHelpers()
 4 SYSTEMPATH\Boot.php(65): CodeIgniter\Boot::autoloadHelpers()
 5 FCPATH\index.php(61): CodeIgniter\Boot::bootWeb(Object(Config\Paths))
WARNING - 2026-01-15 14:45:56 --> [DEPRECATED] Optional parameter $driver declared before required parameter $driver_code is implicitly treated as a required parameter in APPPATH\Helpers\fun_helper.php on line 354.
 1 SYSTEMPATH\Common.php(671): include_once('C:\\xampp\\htdocs\\eznew\\admin\\system\\Debug\\Exceptions.php')
 2 SYSTEMPATH\Autoloader\Autoloader.php(488): helper([...])
 3 SYSTEMPATH\Boot.php(287): CodeIgniter\Autoloader\Autoloader->loadHelpers()
 4 SYSTEMPATH\Boot.php(65): CodeIgniter\Boot::autoloadHelpers()
 5 FCPATH\index.php(61): CodeIgniter\Boot::bootWeb(Object(Config\Paths))
WARNING - 2026-01-15 14:45:56 --> [DEPRECATED] Optional parameter $driver declared before required parameter $driver_code is implicitly treated as a required parameter in APPPATH\Helpers\fun_helper.php on line 354.
 1 SYSTEMPATH\Common.php(671): include_once('C:\\xampp\\htdocs\\eznew\\admin\\system\\Debug\\Exceptions.php')
 2 SYSTEMPATH\Autoloader\Autoloader.php(488): helper([...])
 3 SYSTEMPATH\Boot.php(287): CodeIgniter\Autoloader\Autoloader->loadHelpers()
 4 SYSTEMPATH\Boot.php(65): CodeIgniter\Boot::autoloadHelpers()
 5 FCPATH\index.php(61): CodeIgniter\Boot::bootWeb(Object(Config\Paths))
WARNING - 2026-01-15 14:45:56 --> [DEPRECATED] Optional parameter $driver declared before required parameter $driver_code is implicitly treated as a required parameter in APPPATH\Helpers\fun_helper.php on line 354.
 1 SYSTEMPATH\Common.php(671): include_once('C:\\xampp\\htdocs\\eznew\\admin\\system\\Debug\\Exceptions.php')
 2 SYSTEMPATH\Autoloader\Autoloader.php(488): helper([...])
 3 SYSTEMPATH\Boot.php(287): CodeIgniter\Autoloader\Autoloader->loadHelpers()
 4 SYSTEMPATH\Boot.php(65): CodeIgniter\Boot::autoloadHelpers()
 5 FCPATH\index.php(61): CodeIgniter\Boot::bootWeb(Object(Config\Paths))
DEBUG - 2026-01-15 13:45:56 --> Session: Class initialized using 'CodeIgniter\Session\Handlers\FileHandler' driver.
ERROR - 2026-01-15 13:45:56 --> mysqli_sql_exception: Unknown column 'page_url' in 'where clause' in C:\xampp\htdocs\eznew\admin\system\Database\MySQLi\Connection.php:327
Stack trace:
#0 C:\xampp\htdocs\eznew\admin\system\Database\MySQLi\Connection.php(327): mysqli->query('select * from b...', 0)
#1 C:\xampp\htdocs\eznew\admin\system\Database\BaseConnection.php(729): CodeIgniter\Database\MySQLi\Connection->execute('select * from b...')
#2 C:\xampp\htdocs\eznew\admin\system\Database\BaseConnection.php(646): CodeIgniter\Database\BaseConnection->simpleQuery('select * from b...')
#3 C:\xampp\htdocs\eznew\admin\app\Controllers\AjaxController.php(250): CodeIgniter\Database\BaseConnection->query('select * from b...')
#4 C:\xampp\htdocs\eznew\admin\system\CodeIgniter.php(933): App\Controllers\AjaxController->bookmark_check()
#5 C:\xampp\htdocs\eznew\admin\system\CodeIgniter.php(507): CodeIgniter\CodeIgniter->runController(Object(App\Controllers\AjaxController))
#6 C:\xampp\htdocs\eznew\admin\system\CodeIgniter.php(354): CodeIgniter\CodeIgniter->handleRequest(NULL, Object(Config\Cache), false)
#7 C:\xampp\htdocs\eznew\admin\system\Boot.php(363): CodeIgniter\CodeIgniter->run()
#8 C:\xampp\htdocs\eznew\admin\system\Boot.php(68): CodeIgniter\Boot::runCodeIgniter(Object(CodeIgniter\CodeIgniter))
#9 C:\xampp\htdocs\eznew\admin\index.php(61): CodeIgniter\Boot::bootWeb(Object(Config\Paths))
#10 {main}
CRITICAL - 2026-01-15 13:45:56 --> CodeIgniter\Database\Exceptions\DatabaseException: Unknown column 'page_url' in 'where clause'
[Method: POST, Route: ajaxController/bookmark_check]
in SYSTEMPATH\Database\BaseConnection.php on line 684.
 1 APPPATH\Controllers\AjaxController.php(250): CodeIgniter\Database\BaseConnection->query('select * from bookmark_pages where user_id = \'harpreet\' and page_url = \'http://192.168.30.99:82/eznew/admin//clients\'')
 2 SYSTEMPATH\CodeIgniter.php(933): App\Controllers\AjaxController->bookmark_check()
 3 SYSTEMPATH\CodeIgniter.php(507): CodeIgniter\CodeIgniter->runController(Object(App\Controllers\AjaxController))
 4 SYSTEMPATH\CodeIgniter.php(354): CodeIgniter\CodeIgniter->handleRequest(null, Object(Config\Cache), false)
 5 SYSTEMPATH\Boot.php(363): CodeIgniter\CodeIgniter->run()
 6 SYSTEMPATH\Boot.php(68): CodeIgniter\Boot::runCodeIgniter(Object(CodeIgniter\CodeIgniter))
 7 FCPATH\index.php(61): CodeIgniter\Boot::bootWeb(Object(Config\Paths))
CRITICAL - 2026-01-15 13:45:56 --> [Caused by] CodeIgniter\Database\Exceptions\DatabaseException: Unknown column 'page_url' in 'where clause'
in SYSTEMPATH\Database\MySQLi\Connection.php on line 332.
 1 SYSTEMPATH\Database\BaseConnection.php(729): CodeIgniter\Database\MySQLi\Connection->execute('select * from bookmark_pages where user_id = \'harpreet\' and page_url = \'http://192.168.30.99:82/eznew/admin//clients\'')
 2 SYSTEMPATH\Database\BaseConnection.php(646): CodeIgniter\Database\BaseConnection->simpleQuery('select * from bookmark_pages where user_id = \'harpreet\' and page_url = \'http://192.168.30.99:82/eznew/admin//clients\'')
 3 APPPATH\Controllers\AjaxController.php(250): CodeIgniter\Database\BaseConnection->query('select * from bookmark_pages where user_id = \'harpreet\' and page_url = \'http://192.168.30.99:82/eznew/admin//clients\'')
 4 SYSTEMPATH\CodeIgniter.php(933): App\Controllers\AjaxController->bookmark_check()
 5 SYSTEMPATH\CodeIgniter.php(507): CodeIgniter\CodeIgniter->runController(Object(App\Controllers\AjaxController))
 6 SYSTEMPATH\CodeIgniter.php(354): CodeIgniter\CodeIgniter->handleRequest(null, Object(Config\Cache), false)
 7 SYSTEMPATH\Boot.php(363): CodeIgniter\CodeIgniter->run()
 8 SYSTEMPATH\Boot.php(68): CodeIgniter\Boot::runCodeIgniter(Object(CodeIgniter\CodeIgniter))
 9 FCPATH\index.php(61): CodeIgniter\Boot::bootWeb(Object(Config\Paths))
CRITICAL - 2026-01-15 13:45:56 --> [Caused by] mysqli_sql_exception: Unknown column 'page_url' in 'where clause'
in SYSTEMPATH\Database\MySQLi\Connection.php on line 327.
 1 SYSTEMPATH\Database\MySQLi\Connection.php(327): mysqli->query('select * from bookmark_pages where user_id = \'harpreet\' and page_url = \'http://192.168.30.99:82/eznew/admin//clients\'', 0)
 2 SYSTEMPATH\Database\BaseConnection.php(729): CodeIgniter\Database\MySQLi\Connection->execute('select * from bookmark_pages where user_id = \'harpreet\' and page_url = \'http://192.168.30.99:82/eznew/admin//clients\'')
 3 SYSTEMPATH\Database\BaseConnection.php(646): CodeIgniter\Database\BaseConnection->simpleQuery('select * from bookmark_pages where user_id = \'harpreet\' and page_url = \'http://192.168.30.99:82/eznew/admin//clients\'')
 4 APPPATH\Controllers\AjaxController.php(250): CodeIgniter\Database\BaseConnection->query('select * from bookmark_pages where user_id = \'harpreet\' and page_url = \'http://192.168.30.99:82/eznew/admin//clients\'')
 5 SYSTEMPATH\CodeIgniter.php(933): App\Controllers\AjaxController->bookmark_check()
 6 SYSTEMPATH\CodeIgniter.php(507): CodeIgniter\CodeIgniter->runController(Object(App\Controllers\AjaxController))
 7 SYSTEMPATH\CodeIgniter.php(354): CodeIgniter\CodeIgniter->handleRequest(null, Object(Config\Cache), false)
 8 SYSTEMPATH\Boot.php(363): CodeIgniter\CodeIgniter->run()
 9 SYSTEMPATH\Boot.php(68): CodeIgniter\Boot::runCodeIgniter(Object(CodeIgniter\CodeIgniter))
10 FCPATH\index.php(61): CodeIgniter\Boot::bootWeb(Object(Config\Paths))
