WARNING - 2026-01-13 08:02:44 --> [DEPRECATED] Optional parameter $driver declared before required parameter $driver_code is implicitly treated as a required parameter in APPPATH\Helpers\fun_helper.php on line 354.
 1 SYSTEMPATH\Common.php(671): include_once('C:\\xampp\\htdocs\\eznew\\admin\\system\\Debug\\Exceptions.php')
 2 SYSTEMPATH\Autoloader\Autoloader.php(488): helper([...])
 3 SYSTEMPATH\Boot.php(287): CodeIgniter\Autoloader\Autoloader->loadHelpers()
 4 SYSTEMPATH\Boot.php(65): CodeIgniter\Boot::autoloadHelpers()
 5 FCPATH\index.php(61): CodeIgniter\Boot::bootWeb(Object(Config\Paths))
DEBUG - 2026-01-13 07:02:44 --> Session: Class initialized using 'CodeIgniter\Session\Handlers\FileHandler' driver.
WARNING - 2026-01-13 08:02:44 --> [DEPRECATED] Optional parameter $driver declared before required parameter $driver_code is implicitly treated as a required parameter in APPPATH\Helpers\fun_helper.php on line 354.
 1 SYSTEMPATH\Common.php(671): include_once('C:\\xampp\\htdocs\\eznew\\admin\\system\\Debug\\Exceptions.php')
 2 SYSTEMPATH\Autoloader\Autoloader.php(488): helper([...])
 3 SYSTEMPATH\Boot.php(287): CodeIgniter\Autoloader\Autoloader->loadHelpers()
 4 SYSTEMPATH\Boot.php(65): CodeIgniter\Boot::autoloadHelpers()
 5 FCPATH\index.php(61): CodeIgniter\Boot::bootWeb(Object(Config\Paths))
WARNING - 2026-01-13 08:02:44 --> [DEPRECATED] Optional parameter $driver declared before required parameter $driver_code is implicitly treated as a required parameter in APPPATH\Helpers\fun_helper.php on line 354.
 1 SYSTEMPATH\Common.php(671): include_once('C:\\xampp\\htdocs\\eznew\\admin\\system\\Debug\\Exceptions.php')
 2 SYSTEMPATH\Autoloader\Autoloader.php(488): helper([...])
 3 SYSTEMPATH\Boot.php(287): CodeIgniter\Autoloader\Autoloader->loadHelpers()
 4 SYSTEMPATH\Boot.php(65): CodeIgniter\Boot::autoloadHelpers()
 5 FCPATH\index.php(61): CodeIgniter\Boot::bootWeb(Object(Config\Paths))
WARNING - 2026-01-13 08:02:51 --> [DEPRECATED] Optional parameter $driver declared before required parameter $driver_code is implicitly treated as a required parameter in APPPATH\Helpers\fun_helper.php on line 354.
 1 SYSTEMPATH\Common.php(671): include_once('C:\\xampp\\htdocs\\eznew\\admin\\system\\Debug\\Exceptions.php')
 2 SYSTEMPATH\Autoloader\Autoloader.php(488): helper([...])
 3 SYSTEMPATH\Boot.php(287): CodeIgniter\Autoloader\Autoloader->loadHelpers()
 4 SYSTEMPATH\Boot.php(65): CodeIgniter\Boot::autoloadHelpers()
 5 FCPATH\index.php(61): CodeIgniter\Boot::bootWeb(Object(Config\Paths))
DEBUG - 2026-01-13 07:02:51 --> Session: Class initialized using 'CodeIgniter\Session\Handlers\FileHandler' driver.
WARNING - 2026-01-13 08:02:51 --> [DEPRECATED] Optional parameter $driver declared before required parameter $driver_code is implicitly treated as a required parameter in APPPATH\Helpers\fun_helper.php on line 354.
 1 SYSTEMPATH\Common.php(671): include_once('C:\\xampp\\htdocs\\eznew\\admin\\system\\Debug\\Exceptions.php')
 2 SYSTEMPATH\Autoloader\Autoloader.php(488): helper([...])
 3 SYSTEMPATH\Boot.php(287): CodeIgniter\Autoloader\Autoloader->loadHelpers()
 4 SYSTEMPATH\Boot.php(65): CodeIgniter\Boot::autoloadHelpers()
 5 FCPATH\index.php(61): CodeIgniter\Boot::bootWeb(Object(Config\Paths))
DEBUG - 2026-01-13 07:02:51 --> Session: Class initialized using 'CodeIgniter\Session\Handlers\FileHandler' driver.
WARNING - 2026-01-13 08:02:51 --> [DEPRECATED] Optional parameter $driver declared before required parameter $driver_code is implicitly treated as a required parameter in APPPATH\Helpers\fun_helper.php on line 354.
 1 SYSTEMPATH\Common.php(671): include_once('C:\\xampp\\htdocs\\eznew\\admin\\system\\Debug\\Exceptions.php')
 2 SYSTEMPATH\Autoloader\Autoloader.php(488): helper([...])
 3 SYSTEMPATH\Boot.php(287): CodeIgniter\Autoloader\Autoloader->loadHelpers()
 4 SYSTEMPATH\Boot.php(65): CodeIgniter\Boot::autoloadHelpers()
 5 FCPATH\index.php(61): CodeIgniter\Boot::bootWeb(Object(Config\Paths))
DEBUG - 2026-01-13 07:02:51 --> Session: Class initialized using 'CodeIgniter\Session\Handlers\FileHandler' driver.
WARNING - 2026-01-13 08:02:51 --> [DEPRECATED] Optional parameter $driver declared before required parameter $driver_code is implicitly treated as a required parameter in APPPATH\Helpers\fun_helper.php on line 354.
 1 SYSTEMPATH\Common.php(671): include_once('C:\\xampp\\htdocs\\eznew\\admin\\system\\Debug\\Exceptions.php')
 2 SYSTEMPATH\Autoloader\Autoloader.php(488): helper([...])
 3 SYSTEMPATH\Boot.php(287): CodeIgniter\Autoloader\Autoloader->loadHelpers()
 4 SYSTEMPATH\Boot.php(65): CodeIgniter\Boot::autoloadHelpers()
 5 FCPATH\index.php(61): CodeIgniter\Boot::bootWeb(Object(Config\Paths))
DEBUG - 2026-01-13 07:02:51 --> Session: Class initialized using 'CodeIgniter\Session\Handlers\FileHandler' driver.
WARNING - 2026-01-13 08:02:51 --> [DEPRECATED] Optional parameter $driver declared before required parameter $driver_code is implicitly treated as a required parameter in APPPATH\Helpers\fun_helper.php on line 354.
 1 SYSTEMPATH\Common.php(671): include_once('C:\\xampp\\htdocs\\eznew\\admin\\system\\Debug\\Exceptions.php')
 2 SYSTEMPATH\Autoloader\Autoloader.php(488): helper([...])
 3 SYSTEMPATH\Boot.php(287): CodeIgniter\Autoloader\Autoloader->loadHelpers()
 4 SYSTEMPATH\Boot.php(65): CodeIgniter\Boot::autoloadHelpers()
 5 FCPATH\index.php(61): CodeIgniter\Boot::bootWeb(Object(Config\Paths))
WARNING - 2026-01-13 08:02:51 --> [DEPRECATED] Optional parameter $driver declared before required parameter $driver_code is implicitly treated as a required parameter in APPPATH\Helpers\fun_helper.php on line 354.
 1 SYSTEMPATH\Common.php(671): include_once('C:\\xampp\\htdocs\\eznew\\admin\\system\\Debug\\Exceptions.php')
 2 SYSTEMPATH\Autoloader\Autoloader.php(488): helper([...])
 3 SYSTEMPATH\Boot.php(287): CodeIgniter\Autoloader\Autoloader->loadHelpers()
 4 SYSTEMPATH\Boot.php(65): CodeIgniter\Boot::autoloadHelpers()
 5 FCPATH\index.php(61): CodeIgniter\Boot::bootWeb(Object(Config\Paths))
